[  0%] Built target sensor_msgs_generate_messages_nodejs
[  0%] Built target sensor_msgs_generate_messages_py
[  0%] Built target std_msgs_generate_messages_py
[  0%] Built target sensor_msgs_generate_messages_eus
[  0%] Built target sensor_msgs_generate_messages_cpp
[  0%] Built target std_msgs_generate_messages_nodejs
[  0%] Built target std_msgs_generate_messages_lisp
[  0%] Built target sensor_msgs_generate_messages_lisp
[  0%] Built target std_msgs_generate_messages_eus
[  0%] Built target std_msgs_generate_messages_cpp
[  0%] Built target _detectron2ros_generate_messages_check_deps_Result
[ 14%] [34m[1mGenerating Lisp code from detectron2ros/Result.msg[0m
[ 28%] [34m[1mGenerating Python from MSG detectron2ros/Result[0m
[ 42%] [34m[1mGenerating C++ code from detectron2ros/Result.msg[0m
[ 57%] [34m[1mGenerating Javascript code from detectron2ros/Result.msg[0m
[ 71%] [34m[1mGenerating EusLisp code from detectron2ros/Result.msg[0m
[ 85%] [34m[1mGenerating EusLisp manifest code for detectron2ros[0m
[ 85%] Built target detectron2ros_generate_messages_lisp
[ 85%] Built target detectron2ros_generate_messages_nodejs
[ 85%] Built target detectron2ros_generate_messages_cpp
[100%] [34m[1mGenerating Python msg __init__.py for detectron2ros[0m
[100%] Built target detectron2ros_generate_messages_py
[100%] Built target detectron2ros_generate_messages_eus
[100%] Built target detectron2ros_generate_messages
